<?xml version="1.0" encoding="UTF-8"?>
<testsuite xmlns:xsi="http://www.w3.org/2001/XMLSchema-instance" xsi:noNamespaceSchemaLocation="https://maven.apache.org/surefire/maven-surefire-plugin/xsd/surefire-test-report-3.0.xsd" version="3.0" name="com.bank.crm.AppTest" time="1.146" tests="1" errors="0" skipped="0" failures="0">
  <properties>
    <property name="java.specification.version" value="17"/>
    <property name="sun.cpu.isalist" value="amd64"/>
    <property name="sun.jnu.encoding" value="Cp1252"/>
    <property name="java.class.path" value="C:\github\CS301-Project\lambda-service\auth\target\test-classes;C:\github\CS301-Project\lambda-service\auth\target\classes;C:\Users\ryany\.m2\repository\software\amazon\awssdk\cognitoidentityprovider\2.29.9\cognitoidentityprovider-2.29.9.jar;C:\Users\ryany\.m2\repository\software\amazon\awssdk\aws-json-protocol\2.29.9\aws-json-protocol-2.29.9.jar;C:\Users\ryany\.m2\repository\software\amazon\awssdk\third-party-jackson-core\2.29.9\third-party-jackson-core-2.29.9.jar;C:\Users\ryany\.m2\repository\software\amazon\awssdk\protocol-core\2.29.9\protocol-core-2.29.9.jar;C:\Users\ryany\.m2\repository\software\amazon\awssdk\http-auth-aws\2.29.9\http-auth-aws-2.29.9.jar;C:\Users\ryany\.m2\repository\software\amazon\awssdk\checksums-spi\2.29.9\checksums-spi-2.29.9.jar;C:\Users\ryany\.m2\repository\software\amazon\awssdk\checksums\2.29.9\checksums-2.29.9.jar;C:\Users\ryany\.m2\repository\software\amazon\awssdk\sdk-core\2.29.9\sdk-core-2.29.9.jar;C:\Users\ryany\.m2\repository\software\amazon\awssdk\profiles\2.29.9\profiles-2.29.9.jar;C:\Users\ryany\.m2\repository\software\amazon\awssdk\retries\2.29.9\retries-2.29.9.jar;C:\Users\ryany\.m2\repository\org\slf4j\slf4j-api\1.7.36\slf4j-api-1.7.36.jar;C:\Users\ryany\.m2\repository\org\reactivestreams\reactive-streams\1.0.4\reactive-streams-1.0.4.jar;C:\Users\ryany\.m2\repository\software\amazon\awssdk\auth\2.29.9\auth-2.29.9.jar;C:\Users\ryany\.m2\repository\software\amazon\awssdk\http-auth-aws-eventstream\2.29.9\http-auth-aws-eventstream-2.29.9.jar;C:\Users\ryany\.m2\repository\software\amazon\eventstream\eventstream\1.0.1\eventstream-1.0.1.jar;C:\Users\ryany\.m2\repository\software\amazon\awssdk\http-auth-spi\2.29.9\http-auth-spi-2.29.9.jar;C:\Users\ryany\.m2\repository\software\amazon\awssdk\http-auth\2.29.9\http-auth-2.29.9.jar;C:\Users\ryany\.m2\repository\software\amazon\awssdk\identity-spi\2.29.9\identity-spi-2.29.9.jar;C:\Users\ryany\.m2\repository\software\amazon\awssdk\http-client-spi\2.29.9\http-client-spi-2.29.9.jar;C:\Users\ryany\.m2\repository\software\amazon\awssdk\regions\2.29.9\regions-2.29.9.jar;C:\Users\ryany\.m2\repository\software\amazon\awssdk\annotations\2.29.9\annotations-2.29.9.jar;C:\Users\ryany\.m2\repository\software\amazon\awssdk\utils\2.29.9\utils-2.29.9.jar;C:\Users\ryany\.m2\repository\software\amazon\awssdk\aws-core\2.29.9\aws-core-2.29.9.jar;C:\Users\ryany\.m2\repository\software\amazon\awssdk\metrics-spi\2.29.9\metrics-spi-2.29.9.jar;C:\Users\ryany\.m2\repository\software\amazon\awssdk\json-utils\2.29.9\json-utils-2.29.9.jar;C:\Users\ryany\.m2\repository\software\amazon\awssdk\endpoints-spi\2.29.9\endpoints-spi-2.29.9.jar;C:\Users\ryany\.m2\repository\software\amazon\awssdk\retries-spi\2.29.9\retries-spi-2.29.9.jar;C:\Users\ryany\.m2\repository\software\amazon\awssdk\url-connection-client\2.29.9\url-connection-client-2.29.9.jar;C:\Users\ryany\.m2\repository\com\amazonaws\aws-lambda-java-core\1.2.3\aws-lambda-java-core-1.2.3.jar;C:\Users\ryany\.m2\repository\org\junit\jupiter\junit-jupiter\5.10.1\junit-jupiter-5.10.1.jar;C:\Users\ryany\.m2\repository\org\junit\jupiter\junit-jupiter-api\5.10.1\junit-jupiter-api-5.10.1.jar;C:\Users\ryany\.m2\repository\org\opentest4j\opentest4j\1.3.0\opentest4j-1.3.0.jar;C:\Users\ryany\.m2\repository\org\junit\platform\junit-platform-commons\1.10.1\junit-platform-commons-1.10.1.jar;C:\Users\ryany\.m2\repository\org\apiguardian\apiguardian-api\1.1.2\apiguardian-api-1.1.2.jar;C:\Users\ryany\.m2\repository\org\junit\jupiter\junit-jupiter-params\5.10.1\junit-jupiter-params-5.10.1.jar;C:\Users\ryany\.m2\repository\org\junit\jupiter\junit-jupiter-engine\5.10.1\junit-jupiter-engine-5.10.1.jar;C:\Users\ryany\.m2\repository\org\junit\platform\junit-platform-engine\1.10.1\junit-platform-engine-1.10.1.jar;"/>
    <property name="java.vm.vendor" value="Oracle Corporation"/>
    <property name="sun.arch.data.model" value="64"/>
    <property name="user.variant" value=""/>
    <property name="java.vendor.url" value="https://java.oracle.com/"/>
    <property name="user.timezone" value="Asia/Singapore"/>
    <property name="os.name" value="Windows 11"/>
    <property name="java.vm.specification.version" value="17"/>
    <property name="sun.java.launcher" value="SUN_STANDARD"/>
    <property name="user.country" value="US"/>
    <property name="sun.boot.library.path" value="C:\Program Files\jdk-17.0.5\bin"/>
    <property name="sun.java.command" value="C:\Users\ryany\AppData\Local\Temp\surefire15436333392839388061\surefirebooter-20251006175939041_3.jar C:\Users\ryany\AppData\Local\Temp\surefire15436333392839388061 2025-10-06T17-59-38_839-jvmRun1 surefire-20251006175939041_1tmp surefire_0-20251006175939041_2tmp"/>
    <property name="jdk.debug" value="release"/>
    <property name="surefire.test.class.path" value="C:\github\CS301-Project\lambda-service\auth\target\test-classes;C:\github\CS301-Project\lambda-service\auth\target\classes;C:\Users\ryany\.m2\repository\software\amazon\awssdk\cognitoidentityprovider\2.29.9\cognitoidentityprovider-2.29.9.jar;C:\Users\ryany\.m2\repository\software\amazon\awssdk\aws-json-protocol\2.29.9\aws-json-protocol-2.29.9.jar;C:\Users\ryany\.m2\repository\software\amazon\awssdk\third-party-jackson-core\2.29.9\third-party-jackson-core-2.29.9.jar;C:\Users\ryany\.m2\repository\software\amazon\awssdk\protocol-core\2.29.9\protocol-core-2.29.9.jar;C:\Users\ryany\.m2\repository\software\amazon\awssdk\http-auth-aws\2.29.9\http-auth-aws-2.29.9.jar;C:\Users\ryany\.m2\repository\software\amazon\awssdk\checksums-spi\2.29.9\checksums-spi-2.29.9.jar;C:\Users\ryany\.m2\repository\software\amazon\awssdk\checksums\2.29.9\checksums-2.29.9.jar;C:\Users\ryany\.m2\repository\software\amazon\awssdk\sdk-core\2.29.9\sdk-core-2.29.9.jar;C:\Users\ryany\.m2\repository\software\amazon\awssdk\profiles\2.29.9\profiles-2.29.9.jar;C:\Users\ryany\.m2\repository\software\amazon\awssdk\retries\2.29.9\retries-2.29.9.jar;C:\Users\ryany\.m2\repository\org\slf4j\slf4j-api\1.7.36\slf4j-api-1.7.36.jar;C:\Users\ryany\.m2\repository\org\reactivestreams\reactive-streams\1.0.4\reactive-streams-1.0.4.jar;C:\Users\ryany\.m2\repository\software\amazon\awssdk\auth\2.29.9\auth-2.29.9.jar;C:\Users\ryany\.m2\repository\software\amazon\awssdk\http-auth-aws-eventstream\2.29.9\http-auth-aws-eventstream-2.29.9.jar;C:\Users\ryany\.m2\repository\software\amazon\eventstream\eventstream\1.0.1\eventstream-1.0.1.jar;C:\Users\ryany\.m2\repository\software\amazon\awssdk\http-auth-spi\2.29.9\http-auth-spi-2.29.9.jar;C:\Users\ryany\.m2\repository\software\amazon\awssdk\http-auth\2.29.9\http-auth-2.29.9.jar;C:\Users\ryany\.m2\repository\software\amazon\awssdk\identity-spi\2.29.9\identity-spi-2.29.9.jar;C:\Users\ryany\.m2\repository\software\amazon\awssdk\http-client-spi\2.29.9\http-client-spi-2.29.9.jar;C:\Users\ryany\.m2\repository\software\amazon\awssdk\regions\2.29.9\regions-2.29.9.jar;C:\Users\ryany\.m2\repository\software\amazon\awssdk\annotations\2.29.9\annotations-2.29.9.jar;C:\Users\ryany\.m2\repository\software\amazon\awssdk\utils\2.29.9\utils-2.29.9.jar;C:\Users\ryany\.m2\repository\software\amazon\awssdk\aws-core\2.29.9\aws-core-2.29.9.jar;C:\Users\ryany\.m2\repository\software\amazon\awssdk\metrics-spi\2.29.9\metrics-spi-2.29.9.jar;C:\Users\ryany\.m2\repository\software\amazon\awssdk\json-utils\2.29.9\json-utils-2.29.9.jar;C:\Users\ryany\.m2\repository\software\amazon\awssdk\endpoints-spi\2.29.9\endpoints-spi-2.29.9.jar;C:\Users\ryany\.m2\repository\software\amazon\awssdk\retries-spi\2.29.9\retries-spi-2.29.9.jar;C:\Users\ryany\.m2\repository\software\amazon\awssdk\url-connection-client\2.29.9\url-connection-client-2.29.9.jar;C:\Users\ryany\.m2\repository\com\amazonaws\aws-lambda-java-core\1.2.3\aws-lambda-java-core-1.2.3.jar;C:\Users\ryany\.m2\repository\org\junit\jupiter\junit-jupiter\5.10.1\junit-jupiter-5.10.1.jar;C:\Users\ryany\.m2\repository\org\junit\jupiter\junit-jupiter-api\5.10.1\junit-jupiter-api-5.10.1.jar;C:\Users\ryany\.m2\repository\org\opentest4j\opentest4j\1.3.0\opentest4j-1.3.0.jar;C:\Users\ryany\.m2\repository\org\junit\platform\junit-platform-commons\1.10.1\junit-platform-commons-1.10.1.jar;C:\Users\ryany\.m2\repository\org\apiguardian\apiguardian-api\1.1.2\apiguardian-api-1.1.2.jar;C:\Users\ryany\.m2\repository\org\junit\jupiter\junit-jupiter-params\5.10.1\junit-jupiter-params-5.10.1.jar;C:\Users\ryany\.m2\repository\org\junit\jupiter\junit-jupiter-engine\5.10.1\junit-jupiter-engine-5.10.1.jar;C:\Users\ryany\.m2\repository\org\junit\platform\junit-platform-engine\1.10.1\junit-platform-engine-1.10.1.jar;"/>
    <property name="sun.cpu.endian" value="little"/>
    <property name="user.home" value="C:\Users\ryany"/>
    <property name="user.language" value="en"/>
    <property name="java.specification.vendor" value="Oracle Corporation"/>
    <property name="java.version.date" value="2022-10-18"/>
    <property name="java.home" value="C:\Program Files\jdk-17.0.5"/>
    <property name="file.separator" value="\"/>
    <property name="basedir" value="C:\github\CS301-Project\lambda-service\auth"/>
    <property name="java.vm.compressedOopsMode" value="Zero based"/>
    <property name="line.separator" value="&#10;"/>
    <property name="java.vm.specification.vendor" value="Oracle Corporation"/>
    <property name="java.specification.name" value="Java Platform API Specification"/>
    <property name="surefire.real.class.path" value="C:\Users\ryany\AppData\Local\Temp\surefire15436333392839388061\surefirebooter-20251006175939041_3.jar"/>
    <property name="user.script" value=""/>
    <property name="sun.management.compiler" value="HotSpot 64-Bit Tiered Compilers"/>
    <property name="java.runtime.version" value="17.0.5+9-LTS-191"/>
    <property name="user.name" value="ryany"/>
    <property name="path.separator" value=";"/>
    <property name="os.version" value="10.0"/>
    <property name="java.runtime.name" value="Java(TM) SE Runtime Environment"/>
    <property name="file.encoding" value="Cp1252"/>
    <property name="java.vm.name" value="Java HotSpot(TM) 64-Bit Server VM"/>
    <property name="localRepository" value="C:\Users\ryany\.m2\repository"/>
    <property name="java.vendor.url.bug" value="https://bugreport.java.com/bugreport/"/>
    <property name="java.io.tmpdir" value="C:\Users\ryany\AppData\Local\Temp\"/>
    <property name="java.version" value="17.0.5"/>
    <property name="user.dir" value="C:\github\CS301-Project\lambda-service\auth"/>
    <property name="os.arch" value="amd64"/>
    <property name="java.vm.specification.name" value="Java Virtual Machine Specification"/>
    <property name="sun.os.patch.level" value=""/>
    <property name="native.encoding" value="Cp1252"/>
    <property name="java.library.path" value="C:\Program Files\jdk-17.0.5\bin;C:\WINDOWS\Sun\Java\bin;C:\WINDOWS\system32;C:\WINDOWS;C:\dev\flutter\bin\cache\dart-sdk\bin\;C:\Program Files\Microsoft SDKs\Azure\CLI2\wbin;C:\Terraform;C:\WINDOWS\system32;C:\WINDOWS;C:\WINDOWS\System32\Wbem;C:\WINDOWS\System32\WindowsPowerShell\v1.0\;C:\WINDOWS\System32\OpenSSH\;C:\Program Files\PuTTY\;C:\Program Files\Git\cmd;C:\Program Files\nodejs\;C:\Users\ryany\AppData\Local\Pub\Cache\bin;C:\Program Files\apache-maven-3.9.4\bin;C:\Program Files (x86)\Windows Kits\10\Windows Performance Toolkit\;C:\Program Files\Docker\Docker\resources\bin;C:\drivers\chromedriver-win64\chromedriver.exe;C:\Program Files\Amazon\AWSCLIV2\;C:\Program Files (x86)\dotnet\;C:\Program Files\Go\bin;C:\Program Files\MySQL\MySQL Shell 8.1\bin\;C:\Users\ryany\AppData\Local\Programs\Python\Python311\Scripts\;C:\Users\ryany\AppData\Local\Programs\Python\Python311\;C:\Users\ryany\AppData\Local\Microsoft\WindowsApps;C:\Users\ryany\AppData\Local\Programs\Microsoft VS Code\bin;C:\Users\ryany\AppData\Local\GitHubDesktop\bin;C:\Users\ryany\AppData\Roaming\npm;C:\dev\flutter\bin;C:\Users\ryany\AppData\Local\Android\Sdk;C:\msys64\ucrt64\bin;C:\Users\ryany\go\bin;$(go env GOPATH)\bin;;c:\Users\ryany\AppData\Roaming\Code\User\globalStorage\github.copilot-chat\debugCommand;."/>
    <property name="java.vm.info" value="mixed mode, sharing"/>
    <property name="java.vendor" value="Oracle Corporation"/>
    <property name="java.vm.version" value="17.0.5+9-LTS-191"/>
    <property name="sun.io.unicode.encoding" value="UnicodeLittle"/>
    <property name="java.class.version" value="61.0"/>
  </properties>
  <testcase name="handleRequest_shouldReturnConstantValue" classname="com.bank.crm.AppTest" time="1.102">
    <system-err><![CDATA[SLF4J: Failed to load class "org.slf4j.impl.StaticLoggerBinder".
SLF4J: Defaulting to no-operation (NOP) logger implementation
SLF4J: See http://www.slf4j.org/codes.html#StaticLoggerBinder for further details.
]]></system-err>
  </testcase>
</testsuite>